2026-03-29 15:09:17,965 ERROR token=9268a612a5e2532f path=/customers/create-modal method=POST user=1:u@example.com remote_addr=127.0.0.1 user_agent=Werkzeug/3.1.3 traceback=Traceback (most recent call last):
  File "C:\Users\bryce\AppData\Local\Programs\Python\Python311\Lib\site-packages\flask\app.py", line 917, in full_dispatch_request
    rv = self.dispatch_request()
         ^^^^^^^^^^^^^^^^^^^^^^^
  File "C:\Users\bryce\AppData\Local\Programs\Python\Python311\Lib\site-packages\flask\app.py", line 902, in dispatch_request
    return self.ensure_sync(self.view_functions[rule.endpoint])(**view_args)  # type: ignore[no-any-return]
           ^^^^^^^^^^^^^^^^^^^^^^^^^^^^^^^^^^^^^^^^^^^^^^^^^^^^^^^^^^^^^^^^^
  File "C:\Users\bryce\AppData\Local\Programs\Python\Python311\Lib\site-packages\flask_login\utils.py", line 290, in decorated_view
    return current_app.ensure_sync(func)(*args, **kwargs)
           ^^^^^^^^^^^^^^^^^^^^^^^^^^^^^^^^^^^^^^^^^^^^^^
  File "C:\Users\bryce\Desktop\IM\InvoiceManager-Postgres\app\routes\customer_routes.py", line 158, in create_customer_modal
    "delete_csrf_token": delete_form.csrf_token.current_token,
                         ^^^^^^^^^^^^^^^^^^^^^^
AttributeError: 'DeleteForm' object has no attribute 'csrf_token'

2026-03-29 15:09:42,517 ERROR token=8cacfcbc8987046a path=/customers/create-modal method=POST user=1:u@example.com remote_addr=127.0.0.1 user_agent=Werkzeug/3.1.3 traceback=Traceback (most recent call last):
  File "C:\Users\bryce\AppData\Local\Programs\Python\Python311\Lib\site-packages\flask\app.py", line 917, in full_dispatch_request
    rv = self.dispatch_request()
         ^^^^^^^^^^^^^^^^^^^^^^^
  File "C:\Users\bryce\AppData\Local\Programs\Python\Python311\Lib\site-packages\flask\app.py", line 902, in dispatch_request
    return self.ensure_sync(self.view_functions[rule.endpoint])(**view_args)  # type: ignore[no-any-return]
           ^^^^^^^^^^^^^^^^^^^^^^^^^^^^^^^^^^^^^^^^^^^^^^^^^^^^^^^^^^^^^^^^^
  File "C:\Users\bryce\AppData\Local\Programs\Python\Python311\Lib\site-packages\flask_login\utils.py", line 290, in decorated_view
    return current_app.ensure_sync(func)(*args, **kwargs)
           ^^^^^^^^^^^^^^^^^^^^^^^^^^^^^^^^^^^^^^^^^^^^^^
  File "C:\Users\bryce\Desktop\IM\InvoiceManager-Postgres\app\routes\customer_routes.py", line 158, in create_customer_modal
    "delete_csrf_token": delete_form.csrf_token.current_token,
                         ^^^^^^^^^^^^^^^^^^^^^^
AttributeError: 'DeleteForm' object has no attribute 'csrf_token'

